{"numFailedTestSuites":0,"numFailedTests":0,"numPassedTestSuites":1,"numPassedTests":5,"numPendingTestSuites":0,"numPendingTests":0,"numRuntimeErrorTestSuites":0,"numTodoTests":0,"numTotalTestSuites":1,"numTotalTests":5,"openHandles":[],"snapshot":{"added":0,"didUpdate":false,"failure":false,"filesAdded":0,"filesRemoved":0,"filesRemovedList":[],"filesUnmatched":0,"filesUpdated":0,"matched":0,"total":0,"unchecked":0,"uncheckedKeysByFile":[],"unmatched":0,"updated":0},"startTime":1788775010176,"success":true,"testResults":[{"assertionResults":[{"ancestorTitles":["PayrollService"],"duration":37,"failureDetails":[],"failureMessages":[],"fullName":"PayrollService should be defined","invocations":1,"location":null,"numPassingAsserts":1,"retryReasons":[],"status":"passed","title":"should be defined"},{"ancestorTitles":["PayrollService","createSalaryComponent"],"duration":8,"failureDetails":[],"failureMessages":[],"fullName":"PayrollService createSalaryComponent should create a salary component","invocations":1,"location":null,"numPassingAsserts":2,"retryReasons":[],"status":"passed","title":"should create a salary component"},{"ancestorTitles":["PayrollService","processPayrollRun"],"duration":9,"failureDetails":[],"failureMessages":[],"fullName":"PayrollService processPayrollRun should calculate gross-to-net payroll correctly","invocations":1,"location":null,"numPassingAsserts":4,"retryReasons":[],"status":"passed","title":"should calculate gross-to-net payroll correctly"},{"ancestorTitles":["PayrollService","processPayrollRun"],"duration":62,"failureDetails":[],"failureMessages":[],"fullName":"PayrollService processPayrollRun should throw BadRequestException if no active employees found","invocations":1,"location":null,"numPassingAsserts":1,"retryReasons":[],"status":"passed","title":"should throw BadRequestException if no active employees found"},{"ancestorTitles":["PayrollService","updatePayrollRunStatus"],"duration":8,"failureDetails":[],"failureMessages":[],"fullName":"PayrollService updatePayrollRunStatus should update payroll run status to APPROVED","invocations":1,"location":null,"numPassingAsserts":1,"retryReasons":[],"status":"passed","title":"should update payroll run status to APPROVED"}],"endTime":1788775023729,"message":"","name":"C:\\Users\\Joshua\\Desktop\\My Projects\\Websites\\HR Management\\apps\\api\\src\\payroll\\payroll.service.spec.ts","startTime":1788775010960,"status":"passed","summary":""}],"wasInterrupted":false}
