{"numFailedTestSuites":0,"numFailedTests":0,"numPassedTestSuites":11,"numPassedTests":43,"numPendingTestSuites":0,"numPendingTests":0,"numRuntimeErrorTestSuites":0,"numTodoTests":0,"numTotalTestSuites":11,"numTotalTests":43,"openHandles":[],"snapshot":{"added":0,"didUpdate":false,"failure":false,"filesAdded":0,"filesRemoved":0,"filesRemovedList":[],"filesUnmatched":0,"filesUpdated":0,"matched":0,"total":0,"unchecked":0,"uncheckedKeysByFile":[],"unmatched":0,"updated":0},"startTime":1788775255940,"success":true,"testResults":[{"assertionResults":[{"ancestorTitles":["OnboardingService"],"duration":116,"failureDetails":[],"failureMessages":[],"fullName":"OnboardingService should be defined","invocations":1,"location":null,"numPassingAsserts":1,"retryReasons":[],"status":"passed","title":"should be defined"},{"ancestorTitles":["OnboardingService","updateTaskStatus"],"duration":23,"failureDetails":[],"failureMessages":[],"fullName":"OnboardingService updateTaskStatus should update task status and recalculate process progress percentage","invocations":1,"location":null,"numPassingAsserts":1,"retryReasons":[],"status":"passed","title":"should update task status and recalculate process progress percentage"}],"endTime":1788775292459,"message":"","name":"C:\\Users\\Joshua\\Desktop\\My Projects\\Websites\\HR Management\\apps\\api\\src\\onboarding\\onboarding.service.spec.ts","startTime":1788775258487,"status":"passed","summary":""},{"assertionResults":[{"ancestorTitles":["LeaveService"],"duration":151,"failureDetails":[],"failureMessages":[],"fullName":"LeaveService should be defined","invocations":1,"location":null,"numPassingAsserts":1,"retryReasons":[],"status":"passed","title":"should be defined"},{"ancestorTitles":["LeaveService","requestLeave"],"duration":131,"failureDetails":[],"failureMessages":[],"fullName":"LeaveService requestLeave should throw BadRequestException if balance is insufficient","invocations":1,"location":null,"numPassingAsserts":1,"retryReasons":[],"status":"passed","title":"should throw BadRequestException if balance is insufficient"},{"ancestorTitles":["LeaveService","requestLeave"],"duration":64,"failureDetails":[],"failureMessages":[],"fullName":"LeaveService requestLeave should create leave request and increment pending balance","invocations":1,"location":null,"numPassingAsserts":2,"retryReasons":[],"status":"passed","title":"should create leave request and increment pending balance"},{"ancestorTitles":["LeaveService","reviewLeaveRequest"],"duration":33,"failureDetails":[],"failureMessages":[],"fullName":"LeaveService reviewLeaveRequest should deduct remaining balance atomically on approval","invocations":1,"location":null,"numPassingAsserts":2,"retryReasons":[],"status":"passed","title":"should deduct remaining balance atomically on approval"}],"endTime":1788775292582,"message":"","name":"C:\\Users\\Joshua\\Desktop\\My Projects\\Websites\\HR Management\\apps\\api\\src\\leave\\leave.service.spec.ts","startTime":1788775258891,"status":"passed","summary":""},{"assertionResults":[{"ancestorTitles":["RecruitmentService (ATS & Candidate Conversion)"],"duration":189,"failureDetails":[],"failureMessages":[],"fullName":"RecruitmentService (ATS & Candidate Conversion) should be defined","invocations":1,"location":null,"numPassingAsserts":1,"retryReasons":[],"status":"passed","title":"should be defined"},{"ancestorTitles":["RecruitmentService (ATS & Candidate Conversion)","convertCandidateToEmployee"],"duration":117,"failureDetails":[],"failureMessages":[],"fullName":"RecruitmentService (ATS & Candidate Conversion) convertCandidateToEmployee should throw NotFoundException if candidate not found","invocations":1,"location":null,"numPassingAsserts":1,"retryReasons":[],"status":"passed","title":"should throw NotFoundException if candidate not found"},{"ancestorTitles":["RecruitmentService (ATS & Candidate Conversion)","convertCandidateToEmployee"],"duration":36,"failureDetails":[],"failureMessages":[],"fullName":"RecruitmentService (ATS & Candidate Conversion) convertCandidateToEmployee should convert candidate to Employee and log HIRE_CONVERSION history","invocations":1,"location":null,"numPassingAsserts":2,"retryReasons":[],"status":"passed","title":"should convert candidate to Employee and log HIRE_CONVERSION history"}],"endTime":1788775293902,"message":"","name":"C:\\Users\\Joshua\\Desktop\\My Projects\\Websites\\HR Management\\apps\\api\\src\\recruitment\\recruitment.service.spec.ts","startTime":1788775258628,"status":"passed","summary":""},{"assertionResults":[{"ancestorTitles":["AttendanceService"],"duration":18,"failureDetails":[],"failureMessages":[],"fullName":"AttendanceService should be defined","invocations":1,"location":null,"numPassingAsserts":1,"retryReasons":[],"status":"passed","title":"should be defined"},{"ancestorTitles":["AttendanceService","clockIn"],"duration":194,"failureDetails":[],"failureMessages":[],"fullName":"AttendanceService clockIn should throw BadRequestException if user has no employee profile","invocations":1,"location":null,"numPassingAsserts":1,"retryReasons":[],"status":"passed","title":"should throw BadRequestException if user has no employee profile"},{"ancestorTitles":["AttendanceService","clockIn"],"duration":23,"failureDetails":[],"failureMessages":[],"fullName":"AttendanceService clockIn should throw BadRequestException if already clocked in today","invocations":1,"location":null,"numPassingAsserts":1,"retryReasons":[],"status":"passed","title":"should throw BadRequestException if already clocked in today"},{"ancestorTitles":["AttendanceService","clockIn"],"duration":21,"failureDetails":[],"failureMessages":[],"fullName":"AttendanceService clockIn should create attendance record on valid clock-in","invocations":1,"location":null,"numPassingAsserts":2,"retryReasons":[],"status":"passed","title":"should create attendance record on valid clock-in"}],"endTime":1788775294633,"message":"","name":"C:\\Users\\Joshua\\Desktop\\My Projects\\Websites\\HR Management\\apps\\api\\src\\attendance\\attendance.service.spec.ts","startTime":1788775292525,"status":"passed","summary":""},{"assertionResults":[{"ancestorTitles":["OrganizationsService (Phase 3 Multi-Tenancy)"],"duration":18,"failureDetails":[],"failureMessages":[],"fullName":"OrganizationsService (Phase 3 Multi-Tenancy) should be defined","invocations":1,"location":null,"numPassingAsserts":1,"retryReasons":[],"status":"passed","title":"should be defined"},{"ancestorTitles":["OrganizationsService (Phase 3 Multi-Tenancy)","getOrganization"],"duration":12,"failureDetails":[],"failureMessages":[],"fullName":"OrganizationsService (Phase 3 Multi-Tenancy) getOrganization should return organization profile if found","invocations":1,"location":null,"numPassingAsserts":1,"retryReasons":[],"status":"passed","title":"should return organization profile if found"},{"ancestorTitles":["OrganizationsService (Phase 3 Multi-Tenancy)","getOrganization"],"duration":75,"failureDetails":[],"failureMessages":[],"fullName":"OrganizationsService (Phase 3 Multi-Tenancy) getOrganization should throw NotFoundException if organization not found","invocations":1,"location":null,"numPassingAsserts":1,"retryReasons":[],"status":"passed","title":"should throw NotFoundException if organization not found"},{"ancestorTitles":["OrganizationsService (Phase 3 Multi-Tenancy)","deleteDepartment (Cross-Tenant Security)"],"duration":20,"failureDetails":[],"failureMessages":[],"fullName":"OrganizationsService (Phase 3 Multi-Tenancy) deleteDepartment (Cross-Tenant Security) should throw ForbiddenException if user from Org A tries to delete Org B department","invocations":1,"location":null,"numPassingAsserts":2,"retryReasons":[],"status":"passed","title":"should throw ForbiddenException if user from Org A tries to delete Org B department"},{"ancestorTitles":["OrganizationsService (Phase 3 Multi-Tenancy)","deleteDepartment (Cross-Tenant Security)"],"duration":13,"failureDetails":[],"failureMessages":[],"fullName":"OrganizationsService (Phase 3 Multi-Tenancy) deleteDepartment (Cross-Tenant Security) should delete department successfully when organizationId matches","invocations":1,"location":null,"numPassingAsserts":1,"retryReasons":[],"status":"passed","title":"should delete department successfully when organizationId matches"}],"endTime":1788775294710,"message":"","name":"C:\\Users\\Joshua\\Desktop\\My Projects\\Websites\\HR Management\\apps\\api\\src\\organizations\\organizations.service.spec.ts","startTime":1788775292622,"status":"passed","summary":""},{"assertionResults":[{"ancestorTitles":["HealthController"],"duration":106,"failureDetails":[],"failureMessages":[],"fullName":"HealthController should be defined","invocations":1,"location":null,"numPassingAsserts":1,"retryReasons":[],"status":"passed","title":"should be defined"},{"ancestorTitles":["HealthController"],"duration":29,"failureDetails":[],"failureMessages":[],"fullName":"HealthController should return overall status ok when DB and Redis are up","invocations":1,"location":null,"numPassingAsserts":3,"retryReasons":[],"status":"passed","title":"should return overall status ok when DB and Redis are up"},{"ancestorTitles":["HealthController"],"duration":135,"failureDetails":[],"failureMessages":[],"fullName":"HealthController should return overall status degraded if database is down","invocations":1,"location":null,"numPassingAsserts":2,"retryReasons":[],"status":"passed","title":"should return overall status degraded if database is down"}],"endTime":1788775295645,"message":"","name":"C:\\Users\\Joshua\\Desktop\\My Projects\\Websites\\HR Management\\apps\\api\\src\\health\\health.controller.spec.ts","startTime":1788775258667,"status":"passed","summary":""},{"assertionResults":[{"ancestorTitles":["AuthService"],"duration":188,"failureDetails":[],"failureMessages":[],"fullName":"AuthService should be defined","invocations":1,"location":null,"numPassingAsserts":1,"retryReasons":[],"status":"passed","title":"should be defined"},{"ancestorTitles":["AuthService","login"],"duration":176,"failureDetails":[],"failureMessages":[],"fullName":"AuthService login should throw UnauthorizedException if user not found","invocations":1,"location":null,"numPassingAsserts":1,"retryReasons":[],"status":"passed","title":"should throw UnauthorizedException if user not found"},{"ancestorTitles":["AuthService","login"],"duration":20,"failureDetails":[],"failureMessages":[],"fullName":"AuthService login should throw UnauthorizedException if account is locked","invocations":1,"location":null,"numPassingAsserts":1,"retryReasons":[],"status":"passed","title":"should throw UnauthorizedException if account is locked"},{"ancestorTitles":["AuthService","login"],"duration":1047,"failureDetails":[],"failureMessages":[],"fullName":"AuthService login should increment failed attempts and throw if password invalid","invocations":1,"location":null,"numPassingAsserts":2,"retryReasons":[],"status":"passed","title":"should increment failed attempts and throw if password invalid"},{"ancestorTitles":["AuthService","login"],"duration":1241,"failureDetails":[],"failureMessages":[],"fullName":"AuthService login should authenticate user and return tokens on valid password","invocations":1,"location":null,"numPassingAsserts":2,"retryReasons":[],"status":"passed","title":"should authenticate user and return tokens on valid password"}],"endTime":1788775296074,"message":"","name":"C:\\Users\\Joshua\\Desktop\\My Projects\\Websites\\HR Management\\apps\\api\\src\\auth\\auth.service.spec.ts","startTime":1788775258431,"status":"passed","summary":""},{"assertionResults":[{"ancestorTitles":["PayrollService"],"duration":47,"failureDetails":[],"failureMessages":[],"fullName":"PayrollService should be defined","invocations":1,"location":null,"numPassingAsserts":1,"retryReasons":[],"status":"passed","title":"should be defined"},{"ancestorTitles":["PayrollService","createSalaryComponent"],"duration":32,"failureDetails":[],"failureMessages":[],"fullName":"PayrollService createSalaryComponent should create a salary component","invocations":1,"location":null,"numPassingAsserts":2,"retryReasons":[],"status":"passed","title":"should create a salary component"},{"ancestorTitles":["PayrollService","processPayrollRun"],"duration":41,"failureDetails":[],"failureMessages":[],"fullName":"PayrollService processPayrollRun should calculate gross-to-net payroll correctly","invocations":1,"location":null,"numPassingAsserts":4,"retryReasons":[],"status":"passed","title":"should calculate gross-to-net payroll correctly"},{"ancestorTitles":["PayrollService","processPayrollRun"],"duration":119,"failureDetails":[],"failureMessages":[],"fullName":"PayrollService processPayrollRun should throw BadRequestException if no active employees found","invocations":1,"location":null,"numPassingAsserts":1,"retryReasons":[],"status":"passed","title":"should throw BadRequestException if no active employees found"},{"ancestorTitles":["PayrollService","updatePayrollRunStatus"],"duration":15,"failureDetails":[],"failureMessages":[],"fullName":"PayrollService updatePayrollRunStatus should update payroll run status to APPROVED","invocations":1,"location":null,"numPassingAsserts":1,"retryReasons":[],"status":"passed","title":"should update payroll run status to APPROVED"}],"endTime":1788775296336,"message":"","name":"C:\\Users\\Joshua\\Desktop\\My Projects\\Websites\\HR Management\\apps\\api\\src\\payroll\\payroll.service.spec.ts","startTime":1788775293954,"status":"passed","summary":""},{"assertionResults":[{"ancestorTitles":["EmployeesService (Phase 4 Employee Lifecycle)"],"duration":14,"failureDetails":[],"failureMessages":[],"fullName":"EmployeesService (Phase 4 Employee Lifecycle) should be defined","invocations":1,"location":null,"numPassingAsserts":1,"retryReasons":[],"status":"passed","title":"should be defined"},{"ancestorTitles":["EmployeesService (Phase 4 Employee Lifecycle)","createEmployee"],"duration":47,"failureDetails":[],"failureMessages":[],"fullName":"EmployeesService (Phase 4 Employee Lifecycle) createEmployee should throw ConflictException if employee code already exists","invocations":1,"location":null,"numPassingAsserts":1,"retryReasons":[],"status":"passed","title":"should throw ConflictException if employee code already exists"},{"ancestorTitles":["EmployeesService (Phase 4 Employee Lifecycle)","createEmployee"],"duration":6,"failureDetails":[],"failureMessages":[],"fullName":"EmployeesService (Phase 4 Employee Lifecycle) createEmployee should create employee and log HIRE timeline event","invocations":1,"location":null,"numPassingAsserts":2,"retryReasons":[],"status":"passed","title":"should create employee and log HIRE timeline event"},{"ancestorTitles":["EmployeesService (Phase 4 Employee Lifecycle)","getEmployeeById (Cross-Tenant Security)"],"duration":10,"failureDetails":[],"failureMessages":[],"fullName":"EmployeesService (Phase 4 Employee Lifecycle) getEmployeeById (Cross-Tenant Security) should throw ForbiddenException if employee belongs to another organization","invocations":1,"location":null,"numPassingAsserts":2,"retryReasons":[],"status":"passed","title":"should throw ForbiddenException if employee belongs to another organization"},{"ancestorTitles":["EmployeesService (Phase 4 Employee Lifecycle)","updateStatus"],"duration":11,"failureDetails":[],"failureMessages":[],"fullName":"EmployeesService (Phase 4 Employee Lifecycle) updateStatus should update status and record status history Rationale","invocations":1,"location":null,"numPassingAsserts":2,"retryReasons":[],"status":"passed","title":"should update status and record status history Rationale"}],"endTime":1788775296464,"message":"","name":"C:\\Users\\Joshua\\Desktop\\My Projects\\Websites\\HR Management\\apps\\api\\src\\employees\\employees.service.spec.ts","startTime":1788775294696,"status":"passed","summary":""},{"assertionResults":[{"ancestorTitles":["CompensationService"],"duration":92,"failureDetails":[],"failureMessages":[],"fullName":"CompensationService should be defined","invocations":1,"location":null,"numPassingAsserts":1,"retryReasons":[],"status":"passed","title":"should be defined"},{"ancestorTitles":["CompensationService","createCompensationReview"],"duration":12,"failureDetails":[],"failureMessages":[],"fullName":"CompensationService createCompensationReview should create a salary compensation review with percentage increase","invocations":1,"location":null,"numPassingAsserts":2,"retryReasons":[],"status":"passed","title":"should create a salary compensation review with percentage increase"},{"ancestorTitles":["CompensationService","updateCompensationReviewStatus"],"duration":18,"failureDetails":[],"failureMessages":[],"fullName":"CompensationService updateCompensationReviewStatus should update employee basic salary when review is APPROVED","invocations":1,"location":null,"numPassingAsserts":2,"retryReasons":[],"status":"passed","title":"should update employee basic salary when review is APPROVED"}],"endTime":1788775305216,"message":"","name":"C:\\Users\\Joshua\\Desktop\\My Projects\\Websites\\HR Management\\apps\\api\\src\\compensation\\compensation.service.spec.ts","startTime":1788775258463,"status":"passed","summary":""},{"assertionResults":[{"ancestorTitles":["BenefitsService"],"duration":62,"failureDetails":[],"failureMessages":[],"fullName":"BenefitsService should be defined","invocations":1,"location":null,"numPassingAsserts":1,"retryReasons":[],"status":"passed","title":"should be defined"},{"ancestorTitles":["BenefitsService","createBenefitPlan"],"duration":19,"failureDetails":[],"failureMessages":[],"fullName":"BenefitsService createBenefitPlan should create a benefit plan with tier options","invocations":1,"location":null,"numPassingAsserts":2,"retryReasons":[],"status":"passed","title":"should create a benefit plan with tier options"},{"ancestorTitles":["BenefitsService","enrollEmployee"],"duration":16,"failureDetails":[],"failureMessages":[],"fullName":"BenefitsService enrollEmployee should enroll an employee in a benefit option","invocations":1,"location":null,"numPassingAsserts":1,"retryReasons":[],"status":"passed","title":"should enroll an employee in a benefit option"},{"ancestorTitles":["BenefitsService","enrollEmployee"],"duration":58,"failureDetails":[],"failureMessages":[],"fullName":"BenefitsService enrollEmployee should throw NotFoundException if employee not found","invocations":1,"location":null,"numPassingAsserts":1,"retryReasons":[],"status":"passed","title":"should throw NotFoundException if employee not found"}],"endTime":1788775306124,"message":"","name":"C:\\Users\\Joshua\\Desktop\\My Projects\\Websites\\HR Management\\apps\\api\\src\\benefits\\benefits.service.spec.ts","startTime":1788775258418,"status":"passed","summary":""}],"wasInterrupted":false}
